2025-11-20 12:16:05,585 INFO: Flask Error Handling Demo startup [in c:\Users\Elev\Documents\webbserverprogrammering\hello_world\app.py:48]
2025-11-20 12:16:05,889 INFO: Flask Error Handling Demo startup [in c:\Users\Elev\Documents\webbserverprogrammering\hello_world\app.py:48]
2025-11-20 12:16:07,989 INFO: Request started: GET / [in c:\Users\Elev\Documents\webbserverprogrammering\hello_world\app.py:17]
2025-11-20 12:16:08,071 INFO: Request ended: GET / | Duration: 0.0820s | Status: 200 [in c:\Users\Elev\Documents\webbserverprogrammering\hello_world\app.py:22]
2025-11-20 12:16:08,096 INFO: Request started: GET /static/style.css [in c:\Users\Elev\Documents\webbserverprogrammering\hello_world\app.py:17]
2025-11-20 12:16:08,098 INFO: Request started: GET /static/images/cool_image.jpg [in c:\Users\Elev\Documents\webbserverprogrammering\hello_world\app.py:17]
2025-11-20 12:16:08,242 INFO: Request ended: GET /static/style.css | Duration: 0.1460s | Status: 200 [in c:\Users\Elev\Documents\webbserverprogrammering\hello_world\app.py:22]
2025-11-20 12:16:08,242 INFO: Request ended: GET /static/images/cool_image.jpg | Duration: 0.1440s | Status: 200 [in c:\Users\Elev\Documents\webbserverprogrammering\hello_world\app.py:22]
2025-11-20 12:16:08,333 INFO: Request started: GET /favicon.ico [in c:\Users\Elev\Documents\webbserverprogrammering\hello_world\app.py:17]
2025-11-20 12:16:08,334 WARNING: 404 error: http://127.0.0.1:5000/favicon.ico [in c:\Users\Elev\Documents\webbserverprogrammering\hello_world\app.py:152]
2025-11-20 12:16:08,361 INFO: Request ended: GET /favicon.ico | Duration: 0.0280s | Status: 404 [in c:\Users\Elev\Documents\webbserverprogrammering\hello_world\app.py:22]
2025-11-20 12:16:10,755 INFO: Request started: GET /login [in c:\Users\Elev\Documents\webbserverprogrammering\hello_world\app.py:17]
2025-11-20 12:16:10,795 INFO: Request ended: GET /login | Duration: 0.0391s | Status: 200 [in c:\Users\Elev\Documents\webbserverprogrammering\hello_world\app.py:22]
2025-11-20 12:16:10,822 INFO: Request started: GET /static/style.css [in c:\Users\Elev\Documents\webbserverprogrammering\hello_world\app.py:17]
2025-11-20 12:16:10,823 INFO: Request ended: GET /static/style.css | Duration: 0.0010s | Status: 304 [in c:\Users\Elev\Documents\webbserverprogrammering\hello_world\app.py:22]
2025-11-20 12:16:14,088 INFO: Request started: POST /login [in c:\Users\Elev\Documents\webbserverprogrammering\hello_world\app.py:17]
2025-11-20 12:16:14,090 INFO: Request ended: POST /login | Duration: 0.0022s | Status: 200 [in c:\Users\Elev\Documents\webbserverprogrammering\hello_world\app.py:22]
2025-11-20 12:16:15,784 INFO: Request started: GET /login [in c:\Users\Elev\Documents\webbserverprogrammering\hello_world\app.py:17]
2025-11-20 12:16:15,784 INFO: Request ended: GET /login | Duration: 0.0000s | Status: 200 [in c:\Users\Elev\Documents\webbserverprogrammering\hello_world\app.py:22]
2025-11-20 12:16:25,453 INFO: Request started: POST /login [in c:\Users\Elev\Documents\webbserverprogrammering\hello_world\app.py:17]
2025-11-20 12:16:25,454 INFO: Request ended: POST /login | Duration: 0.0010s | Status: 200 [in c:\Users\Elev\Documents\webbserverprogrammering\hello_world\app.py:22]
2025-11-20 12:16:26,997 INFO: Request started: GET /login [in c:\Users\Elev\Documents\webbserverprogrammering\hello_world\app.py:17]
2025-11-20 12:16:26,998 INFO: Request ended: GET /login | Duration: 0.0010s | Status: 200 [in c:\Users\Elev\Documents\webbserverprogrammering\hello_world\app.py:22]
2025-11-20 12:17:03,573 INFO: Flask Error Handling Demo startup [in c:\Users\Elev\Documents\webbserverprogrammering\hello_world\app.py:48]
2025-11-20 12:17:03,871 INFO: Flask Error Handling Demo startup [in c:\Users\Elev\Documents\webbserverprogrammering\hello_world\app.py:48]
2025-11-20 12:17:26,611 INFO: Request started: GET / [in c:\Users\Elev\Documents\webbserverprogrammering\hello_world\app.py:17]
2025-11-20 12:17:26,629 INFO: Request ended: GET / | Duration: 0.0180s | Status: 200 [in c:\Users\Elev\Documents\webbserverprogrammering\hello_world\app.py:22]
2025-11-20 12:17:26,661 INFO: Request started: GET /static/style.css [in c:\Users\Elev\Documents\webbserverprogrammering\hello_world\app.py:17]
2025-11-20 12:17:26,663 INFO: Request started: GET /static/images/cool_image.jpg [in c:\Users\Elev\Documents\webbserverprogrammering\hello_world\app.py:17]
2025-11-20 12:17:26,759 INFO: Request ended: GET /static/style.css | Duration: 0.0980s | Status: 304 [in c:\Users\Elev\Documents\webbserverprogrammering\hello_world\app.py:22]
2025-11-20 12:17:26,760 INFO: Request ended: GET /static/images/cool_image.jpg | Duration: 0.0970s | Status: 304 [in c:\Users\Elev\Documents\webbserverprogrammering\hello_world\app.py:22]
2025-11-20 12:17:32,726 INFO: Request started: GET / [in c:\Users\Elev\Documents\webbserverprogrammering\hello_world\app.py:17]
2025-11-20 12:17:32,728 INFO: Request ended: GET / | Duration: 0.0021s | Status: 200 [in c:\Users\Elev\Documents\webbserverprogrammering\hello_world\app.py:22]
2025-11-20 12:17:32,758 INFO: Request started: GET /static/style.css [in c:\Users\Elev\Documents\webbserverprogrammering\hello_world\app.py:17]
2025-11-20 12:17:32,759 INFO: Request ended: GET /static/style.css | Duration: 0.0010s | Status: 304 [in c:\Users\Elev\Documents\webbserverprogrammering\hello_world\app.py:22]
2025-11-20 12:17:32,765 INFO: Request started: GET /static/images/cool_image.jpg [in c:\Users\Elev\Documents\webbserverprogrammering\hello_world\app.py:17]
2025-11-20 12:17:32,766 INFO: Request ended: GET /static/images/cool_image.jpg | Duration: 0.0010s | Status: 304 [in c:\Users\Elev\Documents\webbserverprogrammering\hello_world\app.py:22]
2025-11-20 12:18:15,990 INFO: Flask Error Handling Demo startup [in c:\Users\Elev\Documents\webbserverprogrammering\hello_world\app.py:48]
2025-11-20 12:18:16,328 INFO: Flask Error Handling Demo startup [in c:\Users\Elev\Documents\webbserverprogrammering\hello_world\app.py:48]
2025-11-20 12:18:20,713 INFO: Request started: GET / [in c:\Users\Elev\Documents\webbserverprogrammering\hello_world\app.py:17]
2025-11-20 12:18:20,728 INFO: Request ended: GET / | Duration: 0.0150s | Status: 200 [in c:\Users\Elev\Documents\webbserverprogrammering\hello_world\app.py:22]
2025-11-20 12:18:20,788 INFO: Request started: GET /static/style.css [in c:\Users\Elev\Documents\webbserverprogrammering\hello_world\app.py:17]
2025-11-20 12:18:20,790 INFO: Request started: GET /static/images/cool_image.jpg [in c:\Users\Elev\Documents\webbserverprogrammering\hello_world\app.py:17]
2025-11-20 12:18:20,880 INFO: Request ended: GET /static/style.css | Duration: 0.0920s | Status: 304 [in c:\Users\Elev\Documents\webbserverprogrammering\hello_world\app.py:22]
2025-11-20 12:18:20,880 INFO: Request ended: GET /static/images/cool_image.jpg | Duration: 0.0900s | Status: 304 [in c:\Users\Elev\Documents\webbserverprogrammering\hello_world\app.py:22]
2025-11-20 12:21:06,535 INFO: Flask Error Handling Demo startup [in c:\Users\Elev\Documents\webbserverprogrammering\hello_world\app.py:48]
2025-11-20 12:21:07,829 INFO: Flask Error Handling Demo startup [in c:\Users\Elev\Documents\webbserverprogrammering\hello_world\app.py:48]
2025-11-20 12:21:18,928 INFO: Flask Error Handling Demo startup [in c:\Users\Elev\Documents\webbserverprogrammering\hello_world\app.py:48]
2025-11-20 12:21:19,186 INFO: Flask Error Handling Demo startup [in c:\Users\Elev\Documents\webbserverprogrammering\hello_world\app.py:48]
2025-11-20 12:21:21,410 INFO: Request started: GET /login [in c:\Users\Elev\Documents\webbserverprogrammering\hello_world\app.py:17]
2025-11-20 12:21:21,420 INFO: Request ended: GET /login | Duration: 0.0100s | Status: 200 [in c:\Users\Elev\Documents\webbserverprogrammering\hello_world\app.py:22]
2025-11-20 12:21:21,451 INFO: Request started: GET /static/style.css [in c:\Users\Elev\Documents\webbserverprogrammering\hello_world\app.py:17]
2025-11-20 12:21:21,527 INFO: Request ended: GET /static/style.css | Duration: 0.0758s | Status: 304 [in c:\Users\Elev\Documents\webbserverprogrammering\hello_world\app.py:22]
2025-11-20 12:21:26,486 INFO: Request started: POST /login [in c:\Users\Elev\Documents\webbserverprogrammering\hello_world\app.py:17]
2025-11-20 12:21:26,490 INFO: Request ended: POST /login | Duration: 0.0040s | Status: 200 [in c:\Users\Elev\Documents\webbserverprogrammering\hello_world\app.py:22]
2025-11-20 12:21:28,102 INFO: Request started: GET /login [in c:\Users\Elev\Documents\webbserverprogrammering\hello_world\app.py:17]
2025-11-20 12:21:28,103 INFO: Request ended: GET /login | Duration: 0.0010s | Status: 200 [in c:\Users\Elev\Documents\webbserverprogrammering\hello_world\app.py:22]
2025-11-20 12:21:32,906 INFO: Request started: POST /login [in c:\Users\Elev\Documents\webbserverprogrammering\hello_world\app.py:17]
2025-11-20 12:21:32,907 ERROR: Unhandled exception: cannot access local variable 'user_data' where it is not associated with a value [in c:\Users\Elev\Documents\webbserverprogrammering\hello_world\app.py:162]
Traceback (most recent call last):
  File "C:\Users\Elev\AppData\Local\Programs\Python\Python312\Lib\site-packages\flask\app.py", line 917, in full_dispatch_request
    rv = self.dispatch_request()
         ^^^^^^^^^^^^^^^^^^^^^^^
  File "C:\Users\Elev\AppData\Local\Programs\Python\Python312\Lib\site-packages\flask\app.py", line 902, in dispatch_request
    return self.ensure_sync(self.view_functions[rule.endpoint])(**view_args)  # type: ignore[no-any-return]
           ^^^^^^^^^^^^^^^^^^^^^^^^^^^^^^^^^^^^^^^^^^^^^^^^^^^^^^^^^^^^^^^^^
  File "c:\Users\Elev\Documents\webbserverprogrammering\hello_world\app.py", line 78, in login
    return render_template("profile.html", username=session['username'], user_data=user_data)
                                                                                   ^^^^^^^^^
UnboundLocalError: cannot access local variable 'user_data' where it is not associated with a value
2025-11-20 12:21:32,937 INFO: Request ended: POST /login | Duration: 0.0315s | Status: 500 [in c:\Users\Elev\Documents\webbserverprogrammering\hello_world\app.py:22]
